#
# There is insufficient memory for the Java Runtime Environment to continue.
# Native memory allocation (malloc) failed to allocate 32744 bytes for ChunkPool::allocate
# Possible reasons:
#   The system is out of physical RAM or swap space
#   In 32 bit mode, the process size limit was hit
# Possible solutions:
#   Reduce memory load on the system
#   Increase physical memory or swap space
#   Check if swap backing store is full
#   Use 64 bit Java on a 64 bit OS
#   Decrease Java heap size (-Xmx/-Xms)
#   Decrease number of Java threads
#   Decrease Java thread stack sizes (-Xss)
#   Set larger code cache with -XX:ReservedCodeCacheSize=
# This output file may be truncated or incomplete.
#
#  Out of Memory Error (allocation.cpp:211), pid=15252, tid=5744
#
# JRE version: Java(TM) SE Runtime Environment (7.0_80-b15) (build 1.7.0_80-b15)
# Java VM: Java HotSpot(TM) 64-Bit Server VM (24.80-b11 mixed mode windows-amd64 compressed oops)
# Failed to write core dump. Minidumps are not enabled by default on client versions of Windows
#

---------------  T H R E A D  ---------------

Current thread (0x000000000b154000):  JavaThread "C2 CompilerThread0" daemon [_thread_in_native, id=5744, stack(0x000000000c6a0000,0x000000000c7a0000)]

Stack: [0x000000000c6a0000,0x000000000c7a0000]
[error occurred during error reporting (printing stack bounds), id 0xc0000005]


[error occurred during error reporting (printing native stack), id 0xc0000005]


Current CompileTask:
C2:2322327  610   !         org.jboss.netty.channel.socket.nio.SelectorUtil::select (46 bytes)


---------------  P R O C E S S  ---------------

Java Threads: ( => current thread )
  0x000000000d3c4000 JavaThread "main-EventThread" daemon [_thread_blocked, id=7984, stack(0x0000000010770000,0x0000000010870000)]
  0x000000000d3be800 JavaThread "main-SendThread(192.168.83.131:2181)" daemon [_thread_in_native, id=9736, stack(0x0000000010670000,0x0000000010770000)]
  0x000000000d3bb800 JavaThread "DubboServerHandler-192.168.83.1:20888-thread-17" daemon [_thread_blocked, id=15496, stack(0x0000000010470000,0x0000000010570000)]
  0x000000000d3c2800 JavaThread "DubboServerHandler-192.168.83.1:20888-thread-16" daemon [_thread_blocked, id=5376, stack(0x0000000010370000,0x0000000010470000)]
  0x000000000d3c0000 JavaThread "DubboServerHandler-192.168.83.1:20888-thread-15" daemon [_thread_blocked, id=17460, stack(0x0000000010270000,0x0000000010370000)]
  0x000000000d3bb000 JavaThread "DubboServerHandler-192.168.83.1:20888-thread-14" daemon [_thread_blocked, id=5328, stack(0x0000000010170000,0x0000000010270000)]
  0x000000000d3be000 JavaThread "DubboServerHandler-192.168.83.1:20888-thread-13" daemon [_thread_blocked, id=16660, stack(0x0000000010070000,0x0000000010170000)]
  0x000000000d3c1800 JavaThread "DubboServerHandler-192.168.83.1:20888-thread-12" daemon [_thread_blocked, id=5256, stack(0x000000000ff70000,0x0000000010070000)]
  0x000000000d3ba000 JavaThread "DubboServerHandler-192.168.83.1:20888-thread-11" daemon [_thread_blocked, id=10852, stack(0x000000000fe70000,0x000000000ff70000)]
  0x000000000d3bc800 JavaThread "DubboServerHandler-192.168.83.1:20888-thread-10" daemon [_thread_blocked, id=15684, stack(0x000000000fd70000,0x000000000fe70000)]
  0x000000000d4a5800 JavaThread "DubboResponseTimeoutScanTimer" daemon [_thread_blocked, id=20384, stack(0x000000000fc70000,0x000000000fd70000)]
  0x000000000d4a4000 JavaThread "DubboServerHandler-192.168.83.1:20888-thread-9" daemon [_thread_blocked, id=19088, stack(0x000000000fb70000,0x000000000fc70000)]
  0x000000000d4a3800 JavaThread "DubboServerHandler-192.168.83.1:20888-thread-8" daemon [_thread_blocked, id=4468, stack(0x000000000fa70000,0x000000000fb70000)]
  0x000000000d4a2800 JavaThread "DubboServerHandler-192.168.83.1:20888-thread-7" daemon [_thread_blocked, id=18292, stack(0x000000000f970000,0x000000000fa70000)]
  0x000000000d4a2000 JavaThread "DubboServerHandler-192.168.83.1:20888-thread-6" daemon [_thread_blocked, id=16884, stack(0x000000000f870000,0x000000000f970000)]
  0x000000000d4a5000 JavaThread "DubboServerHandler-192.168.83.1:20888-thread-5" daemon [_thread_blocked, id=20396, stack(0x000000000f770000,0x000000000f870000)]
  0x000000000d4a6800 JavaThread "DubboServerHandler-192.168.83.1:20888-thread-4" daemon [_thread_blocked, id=10168, stack(0x000000000f670000,0x000000000f770000)]
  0x000000000d4a7000 JavaThread "New I/O server worker #1-3" daemon [_thread_in_native, id=12624, stack(0x000000000f570000,0x000000000f670000)]
  0x000000000d4a8000 JavaThread "DubboServerHandler-192.168.83.1:20888-thread-3" daemon [_thread_blocked, id=1424, stack(0x000000000f470000,0x000000000f570000)]
  0x000000000d4a8800 JavaThread "New I/O server worker #1-2" daemon [_thread_in_native, id=12036, stack(0x000000000f370000,0x000000000f470000)]
  0x000000000d95e000 JavaThread "DubboServerHandler-192.168.83.1:20888-thread-2" daemon [_thread_blocked, id=8416, stack(0x000000000f270000,0x000000000f370000)]
  0x000000000d95d000 JavaThread "New I/O server worker #1-1" daemon [_thread_in_native, id=7256, stack(0x000000000f170000,0x000000000f270000)]
  0x000000000d2c5000 JavaThread "DubboServerHandler-192.168.83.1:20888-thread-1" daemon [_thread_blocked, id=6112, stack(0x000000000f070000,0x000000000f170000)]
  0x000000000d7ff800 JavaThread "DubboSaveRegistryCache-thread-1" daemon [_thread_blocked, id=16520, stack(0x000000000ee70000,0x000000000ef70000)]
  0x000000000d90a000 JavaThread "ZkClient-EventThread-15-192.168.83.131:2181" daemon [_thread_blocked, id=11256, stack(0x000000000ea70000,0x000000000eb70000)]
  0x000000000d1f3800 JavaThread "DubboRegistryFailedRetryTimer-thread-1" daemon [_thread_blocked, id=18628, stack(0x000000000e970000,0x000000000ea70000)]
  0x000000000d392000 JavaThread "dubbo-remoting-server-heartbeat-thread-1" daemon [_thread_blocked, id=10208, stack(0x000000000e870000,0x000000000e970000)]
  0x000000000d391800 JavaThread "New I/O server boss #1 ([id: 0x229f1a77, /0:0:0:0:0:0:0:0:20888])" daemon [_thread_in_native, id=1336, stack(0x000000000e770000,0x000000000e870000)]
  0x000000000d2f4000 JavaThread "Abandoned connection cleanup thread" daemon [_thread_blocked, id=10696, stack(0x000000000e670000,0x000000000e770000)]
  0x000000000b165800 JavaThread "Service Thread" daemon [_thread_blocked, id=17972, stack(0x000000000c8a0000,0x000000000c9a0000)]
  0x000000000b155800 JavaThread "C2 CompilerThread1" daemon [_thread_blocked, id=528, stack(0x000000000c7a0000,0x000000000c8a0000)]
=>0x000000000b154000 JavaThread "C2 CompilerThread0" daemon [_thread_in_native, id=5744, stack(0x000000000c6a0000,0x000000000c7a0000)]
  0x000000000b153000 JavaThread "Attach Listener" daemon [_thread_blocked, id=11952, stack(0x000000000c5a0000,0x000000000c6a0000)]
  0x000000000b150000 JavaThread "Signal Dispatcher" daemon [_thread_blocked, id=15972, stack(0x000000000c4a0000,0x000000000c5a0000)]
  0x000000000b102000 JavaThread "Finalizer" daemon [_thread_blocked, id=15900, stack(0x000000000c3a0000,0x000000000c4a0000)]
  0x000000000b0f8800 JavaThread "Reference Handler" daemon [_thread_blocked, id=384, stack(0x000000000c2a0000,0x000000000c3a0000)]
  0x0000000002d12800 JavaThread "main" [_thread_blocked, id=2704, stack(0x0000000002c10000,0x0000000002d10000)]

Other Threads:
  0x000000000b0f4000 VMThread [stack: 0x000000000c1a0000,0x000000000c2a0000] [id=13664]
  0x000000000b177800 WatcherThread [stack: 0x000000000c9a0000,0x000000000caa0000] [id=7000]

VM state:not at safepoint (normal execution)

VM Mutex/Monitor currently owned by a thread: None

Heap
 PSYoungGen      total 73216K, used 36461K [0x00000007d5c00000, 0x00000007df100000, 0x0000000800000000)
  eden space 66560K, 44% used [0x00000007d5c00000,0x00000007d791e1c0,0x00000007d9d00000)
  from space 6656K, 99% used [0x00000007d9d00000,0x00000007da37d278,0x00000007da380000)
  to   space 9728K, 0% used [0x00000007de780000,0x00000007de780000,0x00000007df100000)
 ParOldGen       total 86528K, used 8929K [0x0000000781400000, 0x0000000786880000, 0x00000007d5c00000)
  object space 86528K, 10% used [0x0000000781400000,0x0000000781cb8660,0x0000000786880000)
 PSPermGen       total 27648K, used 27382K [0x000000077c200000, 0x000000077dd00000, 0x0000000781400000)
  object space 27648K, 99% used [0x000000077c200000,0x000000077dcbdbc0,0x000000077dd00000)

Card table byte_map: [0x0000000005ed0000,0x00000000062f0000] byte_map_base: 0x00000000022ef000

Polling page: 0x00000000007f0000

Code Cache  [0x0000000002e10000, 0x0000000003080000, 0x0000000005e10000)
 total_blobs=957 nmethods=549 adapters=360 free_code_cache=47480Kb largest_free_block=48556544

Compilation events (10 events):
Event: 2064.221 Thread 0x000000000b155800 nmethod 605 0x0000000002f2fbd0 code [0x0000000002f2fd60, 0x0000000002f301b8]
Event: 2199.304 Thread 0x000000000b154000  606 %           java.util.concurrent.ConcurrentHashMap::isEmpty @ 10 (119 bytes)
Event: 2199.329 Thread 0x000000000b154000 nmethod 606% 0x0000000002f2f690 code [0x0000000002f2f7e0, 0x0000000002f2fab8]
Event: 2199.518 Thread 0x000000000b155800  607             sun.nio.ch.SelectorImpl::keys (28 bytes)
Event: 2199.519 Thread 0x000000000b155800 nmethod 607 0x0000000002f67d10 code [0x0000000002f67e40, 0x0000000002f67ed8]
Event: 2204.308 Thread 0x000000000b154000  608             java.util.concurrent.ConcurrentHashMap::isEmpty (119 bytes)
Event: 2204.311 Thread 0x000000000b154000 nmethod 608 0x0000000002eeb810 code [0x0000000002eeb940, 0x0000000002eebbb8]
Event: 2247.009 Thread 0x000000000b155800  609   !         sun.nio.ch.WindowsSelectorImpl$SubSelector::processFDSet (374 bytes)
Event: 2247.033 Thread 0x000000000b155800 nmethod 609 0x0000000002f30810 code [0x0000000002f309e0, 0x0000000002f31780]
Event: 2321.559 Thread 0x000000000b154000  610   !         org.jboss.netty.channel.socket.nio.SelectorUtil::select (46 bytes)

GC Heap History (10 events):
Event: 3.540 GC heap before
{Heap before GC invocations=3 (full 0):
 PSYoungGen      total 38400K, used 38368K [0x00000007d5c00000, 0x00000007d8680000, 0x0000000800000000)
  eden space 33280K, 100% used [0x00000007d5c00000,0x00000007d7c80000,0x00000007d7c80000)
  from space 5120K, 99% used [0x00000007d8180000,0x00000007d8678358,0x00000007d8680000)
  to   space 5120K, 0% used [0x00000007d7c80000,0x00000007d7c80000,0x00000007d8180000)
 ParOldGen       total 86528K, used 1447K [0x0000000781400000, 0x0000000786880000, 0x00000007d5c00000)
  object space 86528K, 1% used [0x0000000781400000,0x0000000781569e38,0x0000000786880000)
 PSPermGen       total 21504K, used 18675K [0x000000077c200000, 0x000000077d700000, 0x0000000781400000)
  object space 21504K, 86% used [0x000000077c200000,0x000000077d43ce78,0x000000077d700000)
Event: 3.548 GC heap after
Heap after GC invocations=3 (full 0):
 PSYoungGen      total 38400K, used 5098K [0x00000007d5c00000, 0x00000007d8680000, 0x0000000800000000)
  eden space 33280K, 0% used [0x00000007d5c00000,0x00000007d5c00000,0x00000007d7c80000)
  from space 5120K, 99% used [0x00000007d7c80000,0x00000007d817abe0,0x00000007d8180000)
  to   space 5120K, 0% used [0x00000007d8180000,0x00000007d8180000,0x00000007d8680000)
 ParOldGen       total 86528K, used 1888K [0x0000000781400000, 0x0000000786880000, 0x00000007d5c00000)
  object space 86528K, 2% used [0x0000000781400000,0x00000007815d8018,0x0000000786880000)
 PSPermGen       total 21504K, used 18675K [0x000000077c200000, 0x000000077d700000, 0x0000000781400000)
  object space 21504K, 86% used [0x000000077c200000,0x000000077d43ce78,0x000000077d700000)
}
Event: 3.941 GC heap before
{Heap before GC invocations=4 (full 0):
 PSYoungGen      total 38400K, used 38378K [0x00000007d5c00000, 0x00000007d8680000, 0x0000000800000000)
  eden space 33280K, 100% used [0x00000007d5c00000,0x00000007d7c80000,0x00000007d7c80000)
  from space 5120K, 99% used [0x00000007d7c80000,0x00000007d817abe0,0x00000007d8180000)
  to   space 5120K, 0% used [0x00000007d8180000,0x00000007d8180000,0x00000007d8680000)
 ParOldGen       total 86528K, used 1888K [0x0000000781400000, 0x0000000786880000, 0x00000007d5c00000)
  object space 86528K, 2% used [0x0000000781400000,0x00000007815d8018,0x0000000786880000)
 PSPermGen       total 21504K, used 19530K [0x000000077c200000, 0x000000077d700000, 0x0000000781400000)
  object space 21504K, 90% used [0x000000077c200000,0x000000077d5128b0,0x000000077d700000)
Event: 3.949 GC heap after
Heap after GC invocations=4 (full 0):
 PSYoungGen      total 38400K, used 5104K [0x00000007d5c00000, 0x00000007da700000, 0x0000000800000000)
  eden space 33280K, 0% used [0x00000007d5c00000,0x00000007d5c00000,0x00000007d7c80000)
  from space 5120K, 99% used [0x00000007d8180000,0x00000007d867c100,0x00000007d8680000)
  to   space 5120K, 0% used [0x00000007d7c80000,0x00000007d7c80000,0x00000007d8180000)
 ParOldGen       total 86528K, used 2485K [0x0000000781400000, 0x0000000786880000, 0x00000007d5c00000)
  object space 86528K, 2% used [0x0000000781400000,0x000000078166d7c8,0x0000000786880000)
 PSPermGen       total 21504K, used 19530K [0x000000077c200000, 0x000000077d700000, 0x0000000781400000)
  object space 21504K, 90% used [0x000000077c200000,0x000000077d5128b0,0x000000077d700000)
}
Event: 4.315 GC heap before
{Heap before GC invocations=5 (full 0):
 PSYoungGen      total 38400K, used 38384K [0x00000007d5c00000, 0x00000007da700000, 0x0000000800000000)
  eden space 33280K, 100% used [0x00000007d5c00000,0x00000007d7c80000,0x00000007d7c80000)
  from space 5120K, 99% used [0x00000007d8180000,0x00000007d867c100,0x00000007d8680000)
  to   space 5120K, 0% used [0x00000007d7c80000,0x00000007d7c80000,0x00000007d8180000)
 ParOldGen       total 86528K, used 2485K [0x0000000781400000, 0x0000000786880000, 0x00000007d5c00000)
  object space 86528K, 2% used [0x0000000781400000,0x000000078166d7c8,0x0000000786880000)
 PSPermGen       total 21504K, used 19789K [0x000000077c200000, 0x000000077d700000, 0x0000000781400000)
  object space 21504K, 92% used [0x000000077c200000,0x000000077d553508,0x000000077d700000)
Event: 4.325 GC heap after
Heap after GC invocations=5 (full 0):
 PSYoungGen      total 38400K, used 5104K [0x00000007d5c00000, 0x00000007daa00000, 0x0000000800000000)
  eden space 33280K, 0% used [0x00000007d5c00000,0x00000007d5c00000,0x00000007d7c80000)
  from space 5120K, 99% used [0x00000007d7c80000,0x00000007d817c020,0x00000007d8180000)
  to   space 6656K, 0% used [0x00000007da380000,0x00000007da380000,0x00000007daa00000)
 ParOldGen       total 86528K, used 3497K [0x0000000781400000, 0x0000000786880000, 0x00000007d5c00000)
  object space 86528K, 4% used [0x0000000781400000,0x000000078176a6f8,0x0000000786880000)
 PSPermGen       total 21504K, used 19789K [0x000000077c200000, 0x000000077d700000, 0x0000000781400000)
  object space 21504K, 92% used [0x000000077c200000,0x000000077d553508,0x000000077d700000)
}
Event: 4.512 GC heap before
{Heap before GC invocations=6 (full 0):
 PSYoungGen      total 38400K, used 38384K [0x00000007d5c00000, 0x00000007daa00000, 0x0000000800000000)
  eden space 33280K, 100% used [0x00000007d5c00000,0x00000007d7c80000,0x00000007d7c80000)
  from space 5120K, 99% used [0x00000007d7c80000,0x00000007d817c020,0x00000007d8180000)
  to   space 6656K, 0% used [0x00000007da380000,0x00000007da380000,0x00000007daa00000)
 ParOldGen       total 86528K, used 3497K [0x0000000781400000, 0x0000000786880000, 0x00000007d5c00000)
  object space 86528K, 4% used [0x0000000781400000,0x000000078176a6f8,0x0000000786880000)
 PSPermGen       total 21504K, used 19883K [0x000000077c200000, 0x000000077d700000, 0x0000000781400000)
  object space 21504K, 92% used [0x000000077c200000,0x000000077d56acc0,0x000000077d700000)
Event: 4.522 GC heap after
Heap after GC invocations=6 (full 0):
 PSYoungGen      total 73216K, used 5980K [0x00000007d5c00000, 0x00000007daa00000, 0x0000000800000000)
  eden space 66560K, 0% used [0x00000007d5c00000,0x00000007d5c00000,0x00000007d9d00000)
  from space 6656K, 89% used [0x00000007da380000,0x00000007da957368,0x00000007daa00000)
  to   space 6656K, 0% used [0x00000007d9d00000,0x00000007d9d00000,0x00000007da380000)
 ParOldGen       total 86528K, used 3505K [0x0000000781400000, 0x0000000786880000, 0x00000007d5c00000)
  object space 86528K, 4% used [0x0000000781400000,0x000000078176c6f8,0x0000000786880000)
 PSPermGen       total 21504K, used 19883K [0x000000077c200000, 0x000000077d700000, 0x0000000781400000)
  object space 21504K, 92% used [0x000000077c200000,0x000000077d56acc0,0x000000077d700000)
}
Event: 265.605 GC heap before
{Heap before GC invocations=7 (full 0):
 PSYoungGen      total 73216K, used 72540K [0x00000007d5c00000, 0x00000007daa00000, 0x0000000800000000)
  eden space 66560K, 100% used [0x00000007d5c00000,0x00000007d9d00000,0x00000007d9d00000)
  from space 6656K, 89% used [0x00000007da380000,0x00000007da957368,0x00000007daa00000)
  to   space 6656K, 0% used [0x00000007d9d00000,0x00000007d9d00000,0x00000007da380000)
 ParOldGen       total 86528K, used 3505K [0x0000000781400000, 0x0000000786880000, 0x00000007d5c00000)
  object space 86528K, 4% used [0x0000000781400000,0x000000078176c6f8,0x0000000786880000)
 PSPermGen       total 26112K, used 25879K [0x000000077c200000, 0x000000077db80000, 0x0000000781400000)
  object space 26112K, 99% used [0x000000077c200000,0x000000077db45eb0,0x000000077db80000)
Event: 265.625 GC heap after
Heap after GC invocations=7 (full 0):
 PSYoungGen      total 73216K, used 6644K [0x00000007d5c00000, 0x00000007df100000, 0x0000000800000000)
  eden space 66560K, 0% used [0x00000007d5c00000,0x00000007d5c00000,0x00000007d9d00000)
  from space 6656K, 99% used [0x00000007d9d00000,0x00000007da37d278,0x00000007da380000)
  to   space 9728K, 0% used [0x00000007de780000,0x00000007de780000,0x00000007df100000)
 ParOldGen       total 86528K, used 8929K [0x0000000781400000, 0x0000000786880000, 0x00000007d5c00000)
  object space 86528K, 10% used [0x0000000781400000,0x0000000781cb8660,0x0000000786880000)
 PSPermGen       total 26112K, used 25879K [0x000000077c200000, 0x000000077db80000, 0x0000000781400000)
  object space 26112K, 99% used [0x000000077c200000,0x000000077db45eb0,0x000000077db80000)
}

Deoptimization events (10 events):
Event: 548.790 Thread 0x000000000d3c1800 Uncommon trap: reason=class_check action=maybe_recompile pc=0x0000000002e83704 method=java.util.RegularEnumSet.contains(Ljava/lang/Object;)Z @ 38
Event: 548.790 Thread 0x000000000d3c1800 Uncommon trap: reason=class_check action=maybe_recompile pc=0x0000000002e83704 method=java.util.RegularEnumSet.contains(Ljava/lang/Object;)Z @ 38
Event: 795.715 Thread 0x000000000d90a800 Uncommon trap: reason=array_check action=maybe_recompile pc=0x0000000002f39f34 method=java.util.Arrays.fill([Ljava/lang/Object;Ljava/lang/Object;)V @ 13
Event: 795.715 Thread 0x000000000d90a800 Uncommon trap: reason=array_check action=maybe_recompile pc=0x0000000002f39f34 method=java.util.Arrays.fill([Ljava/lang/Object;Ljava/lang/Object;)V @ 13
Event: 795.716 Thread 0x000000000d90a800 Uncommon trap: reason=array_check action=maybe_recompile pc=0x0000000002f39f34 method=java.util.Arrays.fill([Ljava/lang/Object;Ljava/lang/Object;)V @ 13
Event: 795.716 Thread 0x000000000d90a800 Uncommon trap: reason=array_check action=maybe_recompile pc=0x0000000002f39f34 method=java.util.Arrays.fill([Ljava/lang/Object;Ljava/lang/Object;)V @ 13
Event: 1798.518 Thread 0x000000000d90a800 Uncommon trap: reason=unstable_if action=reinterpret pc=0x0000000002fbb9f8 method=sun.nio.ch.SelectorImpl.processDeregisterQueue()V @ 15
Event: 1819.519 Thread 0x000000000d90a800 Uncommon trap: reason=unstable_if action=reinterpret pc=0x0000000002f724c4 method=sun.nio.ch.WindowsSelectorImpl$SubSelector.processFDSet(J[IIZ)I @ 100
Event: 1821.714 Thread 0x000000000d90a800 Uncommon trap: reason=unstable_if action=reinterpret pc=0x0000000002ed8178 method=sun.nio.ch.SelectorImpl.processDeregisterQueue()V @ 15
Event: 1856.970 Thread 0x000000000d1f3800 Uncommon trap: reason=unstable_if action=reinterpret pc=0x0000000002faa8a4 method=java.util.concurrent.ConcurrentHashMap.isEmpty()Z @ 35

Internal exceptions (10 events):
Event: 1842.715 Thread 0x000000000d90a800 Threw 0x00000007d747cff8 at C:\re\jdk7u80\2329\hotspot\src\share\vm\prims\jni.cpp:743
Event: 1844.764 Thread 0x000000000d90a800 Threw 0x00000007d747f998 at C:\re\jdk7u80\2329\hotspot\src\share\vm\prims\jvm.cpp:1319
Event: 1856.716 Thread 0x000000000d90a800 Threw 0x00000007d748bcf8 at C:\re\jdk7u80\2329\hotspot\src\share\vm\prims\jvm.cpp:1319
Event: 1856.816 Thread 0x000000000d90a800 Threw 0x00000007d7492778 at C:\re\jdk7u80\2329\hotspot\src\share\vm\prims\jvm.cpp:1319
Event: 1867.295 Thread 0x000000000d4a8800 Threw 0x00000007d64df960 at C:\re\jdk7u80\2329\hotspot\src\share\vm\interpreter\linkResolver.cpp:892
Event: 1867.841 Thread 0x000000000d95d000 Threw 0x00000007d6591c28 at C:\re\jdk7u80\2329\hotspot\src\share\vm\interpreter\linkResolver.cpp:892
Event: 1926.121 Thread 0x000000000d95d000 Threw 0x00000007d65936e0 at C:\re\jdk7u80\2329\hotspot\src\share\vm\interpreter\linkResolver.cpp:892
Event: 1926.121 Thread 0x000000000d4a8800 Threw 0x00000007d64e1480 at C:\re\jdk7u80\2329\hotspot\src\share\vm\interpreter\linkResolver.cpp:892
Event: 1986.123 Thread 0x000000000d4a8800 Threw 0x00000007d64e2dd0 at C:\re\jdk7u80\2329\hotspot\src\share\vm\interpreter\linkResolver.cpp:892
Event: 1986.137 Thread 0x000000000d95d000 Threw 0x00000007d6595030 at C:\re\jdk7u80\2329\hotspot\src\share\vm\interpreter\linkResolver.cpp:892

Events (10 events):
Event: 1926.121 Executing VM operation: RevokeBias done
Event: 1956.393 Thread 0x000000000b155800 flushing nmethod 0x0000000002eeaa90
Event: 1964.114 Thread 0x000000000b154000 flushing nmethod 0x0000000002eec910
Event: 1965.407 Thread 0x000000000b155800 flushing nmethod 0x0000000002efc910
Event: 1986.122 Executing VM operation: RevokeBias
Event: 1986.122 Executing VM operation: RevokeBias done
Event: 1986.122 Executing VM operation: RevokeBias
Event: 1986.122 Executing VM operation: RevokeBias done
Event: 2064.221 Thread 0x000000000b155800 flushing nmethod 0x0000000002f624d0
Event: 2204.311 Thread 0x000000000b154000 flushing nmethod 0x0000000002fa0f90


Dynamic libraries:
0x00007ff68fa90000 - 0x00007ff68fac3000 	D:\java\jdk1.7.0_80\bin\javaw.exe
0x00007fff3c240000 - 0x00007fff3c421000 	C:\WINDOWS\SYSTEM32\ntdll.dll
0x00007fff39d80000 - 0x00007fff39e31000 	C:\WINDOWS\System32\KERNEL32.DLL
0x00007fff38690000 - 0x00007fff38903000 	C:\WINDOWS\System32\KERNELBASE.dll
0x00007fff3ac50000 - 0x00007fff3acf1000 	C:\WINDOWS\System32\ADVAPI32.dll
0x00007fff39af0000 - 0x00007fff39b8e000 	C:\WINDOWS\System32\msvcrt.dll
0x00007fff3a290000 - 0x00007fff3a2eb000 	C:\WINDOWS\System32\sechost.dll
0x00007fff3a160000 - 0x00007fff3a284000 	C:\WINDOWS\System32\RPCRT4.dll
0x00007fff397c0000 - 0x00007fff39950000 	C:\WINDOWS\System32\USER32.dll
0x00007fff38610000 - 0x00007fff38630000 	C:\WINDOWS\System32\win32u.dll
0x00007fff39ec0000 - 0x00007fff39ee8000 	C:\WINDOWS\System32\GDI32.dll
0x00007fff39430000 - 0x00007fff395c1000 	C:\WINDOWS\System32\gdi32full.dll
0x00007fff392e0000 - 0x00007fff3937f000 	C:\WINDOWS\System32\msvcp_win.dll
0x00007fff395d0000 - 0x00007fff396c8000 	C:\WINDOWS\System32\ucrtbase.dll
0x00007fff22e70000 - 0x00007fff230d9000 	C:\WINDOWS\WinSxS\amd64_microsoft.windows.common-controls_6595b64144ccf1df_6.0.17134.885_none_fb42a3473065565f\COMCTL32.dll
0x00007fff3a310000 - 0x00007fff3a632000 	C:\WINDOWS\System32\combase.dll
0x00007fff38b00000 - 0x00007fff38b79000 	C:\WINDOWS\System32\bcryptPrimitives.dll
0x00007fff3a130000 - 0x00007fff3a15d000 	C:\WINDOWS\System32\IMM32.DLL
0x000000005f200000 - 0x000000005f2d2000 	D:\java\jdk1.7.0_80\jre\bin\msvcr100.dll
0x000000005e620000 - 0x000000005edf9000 	D:\java\jdk1.7.0_80\jre\bin\server\jvm.dll
0x00007fff3a300000 - 0x00007fff3a308000 	C:\WINDOWS\System32\PSAPI.DLL
0x00007fff33580000 - 0x00007fff33589000 	C:\WINDOWS\SYSTEM32\WSOCK32.dll
0x00007fff36710000 - 0x00007fff36733000 	C:\WINDOWS\SYSTEM32\WINMM.dll
0x00007fff39a80000 - 0x00007fff39aec000 	C:\WINDOWS\System32\WS2_32.dll
0x00007fff362a0000 - 0x00007fff362ca000 	C:\WINDOWS\SYSTEM32\WINMMBASE.dll
0x00007fff39290000 - 0x00007fff392d9000 	C:\WINDOWS\System32\cfgmgr32.dll
0x000000005f3b0000 - 0x000000005f3bf000 	D:\java\jdk1.7.0_80\jre\bin\verify.dll
0x000000005f380000 - 0x000000005f3a8000 	D:\java\jdk1.7.0_80\jre\bin\java.dll
0x000000005f360000 - 0x000000005f376000 	D:\java\jdk1.7.0_80\jre\bin\zip.dll
0x000000005f340000 - 0x000000005f35a000 	D:\java\jdk1.7.0_80\jre\bin\net.dll
0x00007fff37d70000 - 0x00007fff37dd6000 	C:\WINDOWS\system32\mswsock.dll
0x000000005f320000 - 0x000000005f331000 	D:\java\jdk1.7.0_80\jre\bin\nio.dll
0x000000005f1f0000 - 0x000000005f1fb000 	D:\java\jdk1.7.0_80\jre\bin\management.dll
0x00007fff324f0000 - 0x00007fff32506000 	C:\WINDOWS\system32\napinsp.dll
0x00007fff2c450000 - 0x00007fff2c46a000 	C:\WINDOWS\system32\pnrpnsp.dll
0x00007fff34ff0000 - 0x00007fff35009000 	C:\WINDOWS\system32\NLAapi.dll
0x00007fff37b40000 - 0x00007fff37bfe000 	C:\WINDOWS\SYSTEM32\DNSAPI.dll
0x00007fff39d10000 - 0x00007fff39d18000 	C:\WINDOWS\System32\NSI.dll
0x00007fff37b00000 - 0x00007fff37b38000 	C:\WINDOWS\SYSTEM32\IPHLPAPI.DLL
0x00007fff326f0000 - 0x00007fff326fe000 	C:\WINDOWS\System32\winrnr.dll
0x00007fff31270000 - 0x00007fff31285000 	C:\WINDOWS\System32\wshbth.dll
0x00007fff2d170000 - 0x00007fff2d17a000 	C:\Windows\System32\rasadhlp.dll
0x00007fff2f4b0000 - 0x00007fff2f522000 	C:\WINDOWS\System32\fwpuclnt.dll
0x00007fff38050000 - 0x00007fff38075000 	C:\WINDOWS\SYSTEM32\bcrypt.dll
0x00007fff37f20000 - 0x00007fff37f37000 	C:\WINDOWS\SYSTEM32\CRYPTSP.dll
0x00007fff37960000 - 0x00007fff37993000 	C:\WINDOWS\system32\rsaenh.dll
0x00007fff38480000 - 0x00007fff384a8000 	C:\WINDOWS\SYSTEM32\USERENV.dll
0x00007fff385f0000 - 0x00007fff3860f000 	C:\WINDOWS\System32\profapi.dll
0x00007fff37f40000 - 0x00007fff37f4b000 	C:\WINDOWS\SYSTEM32\CRYPTBASE.dll

VM Arguments:
jvm_args: -Dfile.encoding=UTF-8 
java_command: com.ego.test.Test
Launcher Type: SUN_STANDARD

Environment Variables:
JAVA_HOME=D:\java\jdk1.7.0_80
CLASSPATH=.;D:\java\jdk1.7.0_80\lib;D:\java\jdk1.7.0_80\lib\tools.jar
PATH=D:/java/jdk1.7.0_80/bin/../jre/bin/server;D:/java/jdk1.7.0_80/bin/../jre/bin;D:/java/jdk1.7.0_80/bin/../jre/lib/amd64;C:\Program Files\MySQL\MySQL Server 5.7\bin;D:\java\jdk1.7.0_80\bin;D:\java\jdk1.7.0_80\jre\bin;C:\Program Files (x86)\Intel\iCLS Client\;C:\Program Files\Intel\iCLS Client\;C:\WINDOWS\system32;C:\WINDOWS;C:\WINDOWS\System32\Wbem;C:\WINDOWS\System32\WindowsPowerShell\v1.0\;C:\Program Files (x86)\Intel\Intel(R) Management Engine Components\DAL;C:\Program Files\Intel\Intel(R) Management Engine Components\DAL;C:\Program Files (x86)\Intel\Intel(R) Management Engine Components\IPT;C:\Program Files\Intel\Intel(R) Management Engine Components\IPT;C:\Program Files (x86)\ATI Technologies\ATI.ACE\Core-Static;C:\Program Files\Intel\WiFi\bin\;£»MYSQL_HOME\bin;C:\Program Files (x86)\Microsoft SQL Server\80\Tools\BINN;C:\Program Files\Common Files\Intel\WirelessCommon\;C:\WINDOWS\System32\OpenSSH\;C:\Program Files\Intel\WiFi\bin\;C:\Program Files\Common Files\Intel\WirelessCommon\;D:\maven\sofy\apache-maven-3.3.3\bin;\;C:\Program Files (x86)\Yozosoft\Yozo_Office\Lib\xuggler\bin;C:\Èí¼þ\apache-maven-3.2.5-bin\apache-maven-3.2.5\bin;"C:\Users\Èñ\AppData\Local\Microsoft\WindowsApps;D:\java\jdk1.7.0_80\bin";;C:\Users\Èñ\AppData\Local\Microsoft\WindowsApps;C:\Èí¼þ\eclipse-jee-kepler-SR2-Java8-win32-x86_64\eclipse;
USERNAME=Èñ
OS=Windows_NT
PROCESSOR_IDENTIFIER=Intel64 Family 6 Model 61 Stepping 4, GenuineIntel



---------------  S Y S T E M  ---------------

OS: Windows 8.1 , 64 bit Build 9600 

CPU:total 4 (2 cores per cpu, 2 threads per core) family 6 model 61 stepping 4, cmov, cx8, fxsr, mmx, sse, sse2, sse3, ssse3, sse4.1, sse4.2, popcnt, avx, avx2, aes, erms, ht, tsc, tscinvbit

Memory: 4k page, physical 8303840k(1038632k free), swap 11449568k(5300k free)

vm_info: Java HotSpot(TM) 64-Bit Server VM (24.80-b11) for windows-amd64 JRE (1.7.0_80-b15), built on Apr 10 2015 11:26:34 by "java_re" with unknown MS VC++:1600

time: Fri Jul 26 23:58:43 2019
elapsed time: 2322 seconds

